<?xml version="1.0" encoding="UTF-8"?>
<testng-results skipped="0" failed="0" ignored="0" total="1" passed="1">
  <reporter-output>
  </reporter-output>
  <suite name="Default suite" duration-ms="70630" started-at="2018-10-16T06:09:48Z" finished-at="2018-10-16T06:10:59Z">
    <groups>
    </groups>
    <test name="Default test" duration-ms="70630" started-at="2018-10-16T06:09:48Z" finished-at="2018-10-16T06:10:59Z">
      <class name="pageAction.launch">
        <test-method status="PASS" signature="browser()[pri:0, instance:pageAction.launch@7d9d1a19]" name="browser" duration-ms="70523" started-at="2018-10-16T06:09:48Z" finished-at="2018-10-16T06:10:59Z">
          <reporter-output>
          </reporter-output>
        </test-method> <!-- browser -->
      </class> <!-- pageAction.launch -->
    </test> <!-- Default test -->
  </suite> <!-- Default suite -->
</testng-results>
